Start testing: Mar 30 11:34 Pacific Daylight Time
----------------------------------------------------------
1/5 Testing: test_project_ut
1/5 Test: test_project_ut
Command: "C:/src/04_bot/c-testrunnerswitcher/build/Debug/test_project_ut_exe_testrunnerswitcher/test_project_ut_exe_testrunnerswitcher.exe"
Directory: C:/src/04_bot/c-testrunnerswitcher/build/Debug/test_project_ut_exe_testrunnerswitcher
"test_project_ut" start time: Mar 30 11:34 Pacific Daylight Time
Output:
----------------------------------------------------------
[33mLOG_LEVEL_WARNING Time:Mon Mar 30 11:34:02 2026 File:C:\src\04_bot\c-testrunnerswitcher\deps\ctest\src\ctest.c:58 Func:RunTests Error getting console mode, no coloring available. GetLastError()=6[0m
[37mLOG_LEVEL_INFO Time:Mon Mar 30 11:34:02 2026 File:C:\src\04_bot\c-testrunnerswitcher\deps\ctest\src\ctest.c:77 Func:RunTests  === Executing test suite test_project_ut ===[0m
[37mLOG_LEVEL_INFO Time:Mon Mar 30 11:34:02 2026 File:C:\src\04_bot\c-testrunnerswitcher\deps\ctest\src\ctest.c:167 Func:RunTests Executing test a ...[0m
[37mLOG_LEVEL_INFO Time:Mon Mar 30 11:34:02 2026 File:C:\src\04_bot\c-testrunnerswitcher\deps\ctest\src\ctest.c:222 Func:RunTests [32mTest a result = Succeeded.[0m[0m
[37mLOG_LEVEL_INFO Time:Mon Mar 30 11:34:02 2026 File:C:\src\04_bot\c-testrunnerswitcher\deps\ctest\src\ctest.c:252 Func:RunTests [32m1 tests ran, 0 failed, 1 succeeded.[0m[0m
<end of output>
Test time =   0.03 sec
----------------------------------------------------------
Test Passed.
"test_project_ut" end time: Mar 30 11:34 Pacific Daylight Time
"test_project_ut" time elapsed: 00:00:00
----------------------------------------------------------

2/5 Testing: test_project_int
2/5 Test: test_project_int
Command: "C:/src/04_bot/c-testrunnerswitcher/build/Debug/test_project_int_exe_testrunnerswitcher/test_project_int_exe_testrunnerswitcher.exe"
Directory: C:/src/04_bot/c-testrunnerswitcher/build/Debug/test_project_int_exe_testrunnerswitcher
"test_project_int" start time: Mar 30 11:34 Pacific Daylight Time
Output:
----------------------------------------------------------
[33mLOG_LEVEL_WARNING Time:Mon Mar 30 11:34:02 2026 File:C:\src\04_bot\c-testrunnerswitcher\deps\ctest\src\ctest.c:58 Func:RunTests Error getting console mode, no coloring available. GetLastError()=6[0m
[37mLOG_LEVEL_INFO Time:Mon Mar 30 11:34:02 2026 File:C:\src\04_bot\c-testrunnerswitcher\deps\ctest\src\ctest.c:77 Func:RunTests  === Executing test suite test_project_int ===[0m
[37mLOG_LEVEL_INFO Time:Mon Mar 30 11:34:02 2026 File:C:\src\04_bot\c-testrunnerswitcher\deps\ctest\src\ctest.c:167 Func:RunTests Executing test a ...[0m
[37mLOG_LEVEL_INFO Time:Mon Mar 30 11:34:02 2026 File:C:\src\04_bot\c-testrunnerswitcher\deps\ctest\src\ctest.c:222 Func:RunTests [32mTest a result = Succeeded.[0m[0m
[37mLOG_LEVEL_INFO Time:Mon Mar 30 11:34:02 2026 File:C:\src\04_bot\c-testrunnerswitcher\deps\ctest\src\ctest.c:252 Func:RunTests [32m1 tests ran, 0 failed, 1 succeeded.[0m[0m
<end of output>
Test time =   0.02 sec
----------------------------------------------------------
Test Passed.
"test_project_int" end time: Mar 30 11:34 Pacific Daylight Time
"test_project_int" time elapsed: 00:00:00
----------------------------------------------------------

3/5 Testing: test_project_with_custom_main_ut
3/5 Test: test_project_with_custom_main_ut
Command: "C:/src/04_bot/c-testrunnerswitcher/build/Debug/test_project_with_custom_main_ut_exe_testrunnerswitcher/test_project_with_custom_main_ut_exe_testrunnerswitcher.exe"
Directory: C:/src/04_bot/c-testrunnerswitcher/build/Debug/test_project_with_custom_main_ut_exe_testrunnerswitcher
"test_project_with_custom_main_ut" start time: Mar 30 11:34 Pacific Daylight Time
Output:
----------------------------------------------------------
<end of output>
Test time =   0.02 sec
----------------------------------------------------------
Test Passed.
"test_project_with_custom_main_ut" end time: Mar 30 11:34 Pacific Daylight Time
"test_project_with_custom_main_ut" time elapsed: 00:00:00
----------------------------------------------------------

4/5 Testing: ctest_2_cppunittest_ut
4/5 Test: ctest_2_cppunittest_ut
Command: "C:/src/04_bot/c-testrunnerswitcher/build/Debug/ctest_2_cppunittest_ut_exe_testrunnerswitcher/ctest_2_cppunittest_ut_exe_testrunnerswitcher.exe"
Directory: C:/src/04_bot/c-testrunnerswitcher/build/Debug/ctest_2_cppunittest_ut_exe_testrunnerswitcher
"ctest_2_cppunittest_ut" start time: Mar 30 11:34 Pacific Daylight Time
Output:
----------------------------------------------------------
[33mLOG_LEVEL_WARNING Time:Mon Mar 30 11:34:02 2026 File:C:\src\04_bot\c-testrunnerswitcher\deps\ctest\src\ctest.c:58 Func:RunTests Error getting console mode, no coloring available. GetLastError()=6[0m
[37mLOG_LEVEL_INFO Time:Mon Mar 30 11:34:02 2026 File:C:\src\04_bot\c-testrunnerswitcher\deps\ctest\src\ctest.c:77 Func:RunTests  === Executing test suite ctest_2_cppunittest_ut ===[0m
[37mLOG_LEVEL_INFO Time:Mon Mar 30 11:34:02 2026 File:C:\src\04_bot\c-testrunnerswitcher\deps\ctest\src\ctest.c:167 Func:RunTests Executing test ctest_2_cppunittest_struct_sizes_match ...[0m
[37mLOG_LEVEL_INFO Time:Mon Mar 30 11:34:02 2026 File:C:\src\04_bot\c-testrunnerswitcher\deps\ctest\src\ctest.c:222 Func:RunTests [32mTest ctest_2_cppunittest_struct_sizes_match result = Succeeded.[0m[0m
[37mLOG_LEVEL_INFO Time:Mon Mar 30 11:34:02 2026 File:C:\src\04_bot\c-testrunnerswitcher\deps\ctest\src\ctest.c:252 Func:RunTests [32m1 tests ran, 0 failed, 1 succeeded.[0m[0m
<end of output>
Test time =   0.02 sec
----------------------------------------------------------
Test Passed.
"ctest_2_cppunittest_ut" end time: Mar 30 11:34 Pacific Daylight Time
"ctest_2_cppunittest_ut" time elapsed: 00:00:00
----------------------------------------------------------

5/5 Testing: parameterized_tests_ut
5/5 Test: parameterized_tests_ut
Command: "C:/src/04_bot/c-testrunnerswitcher/build/Debug/parameterized_tests_ut_exe_testrunnerswitcher/parameterized_tests_ut_exe_testrunnerswitcher.exe"
Directory: C:/src/04_bot/c-testrunnerswitcher/build/Debug/parameterized_tests_ut_exe_testrunnerswitcher
"parameterized_tests_ut" start time: Mar 30 11:34 Pacific Daylight Time
Output:
----------------------------------------------------------
[33mLOG_LEVEL_WARNING Time:Mon Mar 30 11:34:02 2026 File:C:\src\04_bot\c-testrunnerswitcher\deps\ctest\src\ctest.c:58 Func:RunTests Error getting console mode, no coloring available. GetLastError()=6[0m
[37mLOG_LEVEL_INFO Time:Mon Mar 30 11:34:02 2026 File:C:\src\04_bot\c-testrunnerswitcher\deps\ctest\src\ctest.c:77 Func:RunTests  === Executing test suite parameterized_tests_ut ===[0m
[37mLOG_LEVEL_INFO Time:Mon Mar 30 11:34:02 2026 File:C:\src\04_bot\c-testrunnerswitcher\deps\ctest\src\ctest.c:167 Func:RunTests Executing test test_is_positive_for_negative_one ...[0m
[37mLOG_LEVEL_INFO Time:Mon Mar 30 11:34:02 2026 File:C:\src\04_bot\c-testrunnerswitcher\deps\ctest\src\ctest.c:222 Func:RunTests [32mTest test_is_positive_for_negative_one result = Succeeded.[0m[0m
[37mLOG_LEVEL_INFO Time:Mon Mar 30 11:34:02 2026 File:C:\src\04_bot\c-testrunnerswitcher\deps\ctest\src\ctest.c:167 Func:RunTests Executing test test_is_positive_for_zero ...[0m
[37mLOG_LEVEL_INFO Time:Mon Mar 30 11:34:02 2026 File:C:\src\04_bot\c-testrunnerswitcher\deps\ctest\src\ctest.c:222 Func:RunTests [32mTest test_is_positive_for_zero result = Succeeded.[0m[0m
[37mLOG_LEVEL_INFO Time:Mon Mar 30 11:34:02 2026 File:C:\src\04_bot\c-testrunnerswitcher\deps\ctest\src\ctest.c:167 Func:RunTests Executing test test_is_positive_for_hundred ...[0m
[37mLOG_LEVEL_INFO Time:Mon Mar 30 11:34:02 2026 File:C:\src\04_bot\c-testrunnerswitcher\deps\ctest\src\ctest.c:222 Func:RunTests [32mTest test_is_positive_for_hundred result = Succeeded.[0m[0m
[37mLOG_LEVEL_INFO Time:Mon Mar 30 11:34:02 2026 File:C:\src\04_bot\c-testrunnerswitcher\deps\ctest\src\ctest.c:167 Func:RunTests Executing test test_is_positive_for_positive_one ...[0m
[37mLOG_LEVEL_INFO Time:Mon Mar 30 11:34:02 2026 File:C:\src\04_bot\c-testrunnerswitcher\deps\ctest\src\ctest.c:222 Func:RunTests [32mTest test_is_positive_for_positive_one result = Succeeded.[0m[0m
[37mLOG_LEVEL_INFO Time:Mon Mar 30 11:34:02 2026 File:C:\src\04_bot\c-testrunnerswitcher\deps\ctest\src\ctest.c:167 Func:RunTests Executing test test_multiplication_with_negative_factor ...[0m
[37mLOG_LEVEL_INFO Time:Mon Mar 30 11:34:02 2026 File:C:\src\04_bot\c-testrunnerswitcher\deps\ctest\src\ctest.c:222 Func:RunTests [32mTest test_multiplication_with_negative_factor result = Succeeded.[0m[0m
[37mLOG_LEVEL_INFO Time:Mon Mar 30 11:34:02 2026 File:C:\src\04_bot\c-testrunnerswitcher\deps\ctest\src\ctest.c:167 Func:RunTests Executing test test_multiplication_with_small_numbers ...[0m
[37mLOG_LEVEL_INFO Time:Mon Mar 30 11:34:02 2026 File:C:\src\04_bot\c-testrunnerswitcher\deps\ctest\src\ctest.c:222 Func:RunTests [32mTest test_multiplication_with_small_numbers result = Succeeded.[0m[0m
[37mLOG_LEVEL_INFO Time:Mon Mar 30 11:34:02 2026 File:C:\src\04_bot\c-testrunnerswitcher\deps\ctest\src\ctest.c:167 Func:RunTests Executing test test_multiplication_with_ones ...[0m
[37mLOG_LEVEL_INFO Time:Mon Mar 30 11:34:02 2026 File:C:\src\04_bot\c-testrunnerswitcher\deps\ctest\src\ctest.c:222 Func:RunTests [32mTest test_multiplication_with_ones result = Succeeded.[0m[0m
[37mLOG_LEVEL_INFO Time:Mon Mar 30 11:34:02 2026 File:C:\src\04_bot\c-testrunnerswitcher\deps\ctest\src\ctest.c:167 Func:RunTests Executing test test_multiplication_with_zero ...[0m
[37mLOG_LEVEL_INFO Time:Mon Mar 30 11:34:02 2026 File:C:\src\04_bot\c-testrunnerswitcher\deps\ctest\src\ctest.c:222 Func:RunTests [32mTest test_multiplication_with_zero result = Succeeded.[0m[0m
[37mLOG_LEVEL_INFO Time:Mon Mar 30 11:34:02 2026 File:C:\src\04_bot\c-testrunnerswitcher\deps\ctest\src\ctest.c:167 Func:RunTests Executing test test_addition_with_larger_numbers ...[0m
[37mLOG_LEVEL_INFO Time:Mon Mar 30 11:34:02 2026 File:C:\src\04_bot\c-testrunnerswitcher\deps\ctest\src\ctest.c:222 Func:RunTests [32mTest test_addition_with_larger_numbers result = Succeeded.[0m[0m
[37mLOG_LEVEL_INFO Time:Mon Mar 30 11:34:02 2026 File:C:\src\04_bot\c-testrunnerswitcher\deps\ctest\src\ctest.c:167 Func:RunTests Executing test test_addition_with_negative_and_positive ...[0m
[37mLOG_LEVEL_INFO Time:Mon Mar 30 11:34:02 2026 File:C:\src\04_bot\c-testrunnerswitcher\deps\ctest\src\ctest.c:222 Func:RunTests [32mTest test_addition_with_negative_and_positive result = Succeeded.[0m[0m
[37mLOG_LEVEL_INFO Time:Mon Mar 30 11:34:02 2026 File:C:\src\04_bot\c-testrunnerswitcher\deps\ctest\src\ctest.c:167 Func:RunTests Executing test test_addition_with_small_positive_numbers ...[0m
[37mLOG_LEVEL_INFO Time:Mon Mar 30 11:34:02 2026 File:C:\src\04_bot\c-testrunnerswitcher\deps\ctest\src\ctest.c:222 Func:RunTests [32mTest test_addition_with_small_positive_numbers result = Succeeded.[0m[0m
[37mLOG_LEVEL_INFO Time:Mon Mar 30 11:34:02 2026 File:C:\src\04_bot\c-testrunnerswitcher\deps\ctest\src\ctest.c:167 Func:RunTests Executing test test_addition_with_zeros ...[0m
[37mLOG_LEVEL_INFO Time:Mon Mar 30 11:34:02 2026 File:C:\src\04_bot\c-testrunnerswitcher\deps\ctest\src\ctest.c:222 Func:RunTests [32mTest test_addition_with_zeros result = Succeeded.[0m[0m
[37mLOG_LEVEL_INFO Time:Mon Mar 30 11:34:02 2026 File:C:\src\04_bot\c-testrunnerswitcher\deps\ctest\src\ctest.c:167 Func:RunTests Executing test test_verify_calls_case_4_40 ...[0m
[37mLOG_LEVEL_INFO Time:Mon Mar 30 11:34:02 2026 File:C:\src\04_bot\c-testrunnerswitcher\deps\ctest\src\ctest.c:222 Func:RunTests [32mTest test_verify_calls_case_4_40 result = Succeeded.[0m[0m
[37mLOG_LEVEL_INFO Time:Mon Mar 30 11:34:02 2026 File:C:\src\04_bot\c-testrunnerswitcher\deps\ctest\src\ctest.c:167 Func:RunTests Executing test test_verify_calls_case_3_30 ...[0m
[37mLOG_LEVEL_INFO Time:Mon Mar 30 11:34:02 2026 File:C:\src\04_bot\c-testrunnerswitcher\deps\ctest\src\ctest.c:222 Func:RunTests [32mTest test_verify_calls_case_3_30 result = Succeeded.[0m[0m
[37mLOG_LEVEL_INFO Time:Mon Mar 30 11:34:02 2026 File:C:\src\04_bot\c-testrunnerswitcher\deps\ctest\src\ctest.c:167 Func:RunTests Executing test test_verify_calls_case_2_20 ...[0m
[37mLOG_LEVEL_INFO Time:Mon Mar 30 11:34:02 2026 File:C:\src\04_bot\c-testrunnerswitcher\deps\ctest\src\ctest.c:222 Func:RunTests [32mTest test_verify_calls_case_2_20 result = Succeeded.[0m[0m
[37mLOG_LEVEL_INFO Time:Mon Mar 30 11:34:02 2026 File:C:\src\04_bot\c-testrunnerswitcher\deps\ctest\src\ctest.c:167 Func:RunTests Executing test test_verify_calls_case_1_10 ...[0m
[37mLOG_LEVEL_INFO Time:Mon Mar 30 11:34:02 2026 File:C:\src\04_bot\c-testrunnerswitcher\deps\ctest\src\ctest.c:222 Func:RunTests [32mTest test_verify_calls_case_1_10 result = Succeeded.[0m[0m
[37mLOG_LEVEL_INFO Time:Mon Mar 30 11:34:02 2026 File:C:\src\04_bot\c-testrunnerswitcher\deps\ctest\src\ctest.c:252 Func:RunTests [32m16 tests ran, 0 failed, 16 succeeded.[0m[0m
<end of output>
Test time =   0.03 sec
----------------------------------------------------------
Test Passed.
"parameterized_tests_ut" end time: Mar 30 11:34 Pacific Daylight Time
"parameterized_tests_ut" time elapsed: 00:00:00
----------------------------------------------------------

End testing: Mar 30 11:34 Pacific Daylight Time
